<?xml version="1.0" encoding="UTF-8"?>
<!-- Generated by org.testng.reporters.JUnitXMLReporter -->
<testsuite ignored="0" hostname="Jyothi" failures="1" tests="1" name="RunCucumberTests" time="43.026" errors="0" timestamp="2025-06-16T15:36:09 GST">
  <testcase classname="io.cucumber.testng.AbstractTestNGCucumberTests" name="runScenario" time="41.719">
    <failure type="java.lang.NullPointerException" message="Cannot invoke &amp;quot;Learn.com.magneto.base.TestContext.getExtentTest()&amp;quot; because &amp;quot;this.testContext&amp;quot; is null">
      <![CDATA[java.lang.NullPointerException: Cannot invoke "Learn.com.magneto.base.TestContext.getExtentTest()" because "this.testContext" is null
at Learn.com.magento.utils.RetryAnalyzer.retry(RetryAnalyzer.java:19)
at java.base/java.util.ArrayList.forEach(ArrayList.java:1511)
at java.base/java.util.concurrent.FutureTask.run(FutureTask.java:264)
at java.base/java.util.concurrent.ThreadPoolExecutor.runWorker(ThreadPoolExecutor.java:1136)
at java.base/java.util.concurrent.ThreadPoolExecutor$Worker.run(ThreadPoolExecutor.java:635)
at java.base/java.lang.Thread.run(Thread.java:833)
... Removed 13 stack frames]]>
    </failure>
  </testcase> <!-- runScenario -->
</testsuite> <!-- RunCucumberTests -->
